<?xml version="1.0" encoding="UTF-8"?>
<!-- Generated by org.testng.reporters.JUnitXMLReporter -->
<testsuite hostname="superadmins-MacBook-Pro-41.local" ignored="0" name="Test" tests="4" failures="0" timestamp="2020-04-17T12:04:35 IST" time="6.036" errors="0">
  <testcase name="test_APIallemployee" time="2.02" classname="Test1.TC_DealAPI"/>
  <testcase name="test_POSTdata" time="1.33" classname="Test1.TC_DealAPI"/>
  <testcase name="PutRequest" time="1.144" classname="Test1.TC_DealAPI"/>
  <testcase name="deleterequest" time="1.502" classname="Test1.TC_DealAPI"/>
</testsuite> <!-- Test -->
