<?xml version="1.0" encoding="UTF-8"?>
<!-- Generated by org.testng.reporters.JUnitXMLReporter -->
<testsuite hostname="superadmins-MacBook-Pro-41.local" ignored="0" tests="4" failures="0" timestamp="2020-04-17T11:53:55 IST" time="6.198" errors="0">
  <testcase name="test_APIallemployee" time="2.296" classname="TC_DealAPI"/>
  <testcase name="test_POSTdata" time="1.542" classname="TC_DealAPI"/>
  <testcase name="PutRequest" time="1.184" classname="TC_DealAPI"/>
  <testcase name="deleterequest" time="1.131" classname="TC_DealAPI"/>
</testsuite>
